c:\users\sunjize\documents\git mgithub\hairrender\hairresearch\tools\ogles2\build\windowsvc2010\debug\vc120.pdb
c:\users\sunjize\documents\git mgithub\hairrender\hairresearch\tools\ogles2\build\windowsvc2010\debug\vc120.idb
c:\users\sunjize\documents\git mgithub\hairrender\hairresearch\tools\ogles2\build\windowsvc2010\debug\pvrtmisc.obj
c:\users\sunjize\documents\git mgithub\hairrender\hairresearch\tools\ogles2\build\windowsvc2010\debug\pvrtmodelpod.obj
c:\users\sunjize\documents\git mgithub\hairrender\hairresearch\tools\ogles2\build\windowsvc2010\debug\pvrtpfxparser.obj
c:\users\sunjize\documents\git mgithub\hairrender\hairresearch\tools\ogles2\build\windowsvc2010\debug\pvrtpfxparserapi.obj
c:\users\sunjize\documents\git mgithub\hairrender\hairresearch\tools\ogles2\build\windowsvc2010\debug\pvrtprint3d.obj
c:\users\sunjize\documents\git mgithub\hairrender\hairresearch\tools\ogles2\build\windowsvc2010\debug\pvrtpfxsemantics.obj
c:\users\sunjize\documents\git mgithub\hairrender\hairresearch\tools\ogles2\build\windowsvc2010\debug\pvrtprint3dapi.obj
c:\users\sunjize\documents\git mgithub\hairrender\hairresearch\tools\ogles2\build\windowsvc2010\debug\pvrtquaternionf.obj
c:\users\sunjize\documents\git mgithub\hairrender\hairresearch\tools\ogles2\build\windowsvc2010\debug\pvrtquaternionx.obj
c:\users\sunjize\documents\git mgithub\hairrender\hairresearch\tools\ogles2\build\windowsvc2010\debug\pvrtresourcefile.obj
c:\users\sunjize\documents\git mgithub\hairrender\hairresearch\tools\ogles2\build\windowsvc2010\debug\pvrtshader.obj
c:\users\sunjize\documents\git mgithub\hairrender\hairresearch\tools\ogles2\build\windowsvc2010\debug\pvrtshadowvol.obj
c:\users\sunjize\documents\git mgithub\hairrender\hairresearch\tools\ogles2\build\windowsvc2010\debug\pvrtstring.obj
c:\users\sunjize\documents\git mgithub\hairrender\hairresearch\tools\ogles2\build\windowsvc2010\debug\pvrtstringhash.obj
c:\users\sunjize\documents\git mgithub\hairrender\hairresearch\tools\ogles2\build\windowsvc2010\debug\pvrttexture.obj
c:\users\sunjize\documents\git mgithub\hairrender\hairresearch\tools\ogles2\build\windowsvc2010\debug\pvrttextureapi.obj
c:\users\sunjize\documents\git mgithub\hairrender\hairresearch\tools\ogles2\build\windowsvc2010\debug\pvrttrans.obj
c:\users\sunjize\documents\git mgithub\hairrender\hairresearch\tools\ogles2\build\windowsvc2010\debug\pvrttristrip.obj
c:\users\sunjize\documents\git mgithub\hairrender\hairresearch\tools\ogles2\build\windowsvc2010\debug\pvrtvector.obj
c:\users\sunjize\documents\git mgithub\hairrender\hairresearch\tools\ogles2\build\windowsvc2010\debug\pvrtvertex.obj
c:\users\sunjize\documents\git mgithub\hairrender\hairresearch\tools\ogles2\build\windowsvc2010\debug\pvrtunicode.obj
c:\users\sunjize\documents\git mgithub\hairrender\hairresearch\tools\ogles2\build\windowsvc2010\debug\pvrtbackground.obj
c:\users\sunjize\documents\git mgithub\hairrender\hairresearch\tools\ogles2\build\windowsvc2010\debug\pvrtdecompress.obj
c:\users\sunjize\documents\git mgithub\hairrender\hairresearch\tools\ogles2\build\windowsvc2010\debug\pvrterror.obj
c:\users\sunjize\documents\git mgithub\hairrender\hairresearch\tools\ogles2\build\windowsvc2010\debug\pvrtfixedpoint.obj
c:\users\sunjize\documents\git mgithub\hairrender\hairresearch\tools\ogles2\build\windowsvc2010\debug\pvrtgles2ext.obj
c:\users\sunjize\documents\git mgithub\hairrender\hairresearch\tools\ogles2\build\windowsvc2010\debug\pvrtmatrixf.obj
c:\users\sunjize\documents\git mgithub\hairrender\hairresearch\tools\ogles2\build\windowsvc2010\debug\pvrtmatrixx.obj
c:\users\sunjize\documents\git mgithub\hairrender\hairresearch\tools\ogles2\build\windowsvc2010\debug\ogles2tools.lib
c:\users\sunjize\documents\git mgithub\hairrender\hairresearch\tools\ogles2\build\windowsvc2010\debug\ogles2tools.tlog\cl.command.1.tlog
c:\users\sunjize\documents\git mgithub\hairrender\hairresearch\tools\ogles2\build\windowsvc2010\debug\ogles2tools.tlog\cl.read.1.tlog
c:\users\sunjize\documents\git mgithub\hairrender\hairresearch\tools\ogles2\build\windowsvc2010\debug\ogles2tools.tlog\cl.write.1.tlog
c:\users\sunjize\documents\git mgithub\hairrender\hairresearch\tools\ogles2\build\windowsvc2010\debug\ogles2tools.tlog\lib-link.read.1.tlog
c:\users\sunjize\documents\git mgithub\hairrender\hairresearch\tools\ogles2\build\windowsvc2010\debug\ogles2tools.tlog\lib-link.write.1.tlog
c:\users\sunjize\documents\git mgithub\hairrender\hairresearch\tools\ogles2\build\windowsvc2010\debug\ogles2tools.tlog\lib.command.1.tlog
