c:\users\sunjize\documents\git mgithub\ogles2render\ogles2hairresearch\debug\vc120.pdb
c:\users\sunjize\documents\git mgithub\ogles2render\ogles2hairresearch\debug\vc120.idb
c:\users\sunjize\documents\git mgithub\ogles2render\ogles2hairresearch\debug\pvrshellapi.obj
c:\users\sunjize\documents\git mgithub\ogles2render\ogles2hairresearch\debug\pvrshellos.obj
c:\users\sunjize\documents\git mgithub\ogles2render\ogles2hairresearch\debug\pvrshell.obj
c:\users\sunjize\documents\git mgithub\ogles2render\ogles2hairresearch\debug\ball.obj
c:\users\sunjize\documents\git mgithub\ogles2render\ogles2hairresearch\debug\blinnphongfragshader.obj
c:\users\sunjize\documents\git mgithub\ogles2render\ogles2hairresearch\debug\blinnphongvertshader.obj
c:\users\sunjize\documents\git mgithub\ogles2render\ogles2hairresearch\debug\defaultfragshader.obj
c:\users\sunjize\documents\git mgithub\ogles2render\ogles2hairresearch\debug\defaultvertshader.obj
c:\users\sunjize\documents\git mgithub\ogles2render\ogles2hairresearch\debug\hairmodel.obj
c:\users\sunjize\documents\git mgithub\ogles2render\ogles2hairresearch\debug\hair_diff_whitetex.obj
c:\users\sunjize\documents\git mgithub\ogles2render\ogles2hairresearch\debug\hair_flow_t2tex.obj
c:\users\sunjize\documents\git mgithub\ogles2render\ogles2hairresearch\debug\hair_nmtex.obj
c:\users\sunjize\documents\git mgithub\ogles2render\ogles2hairresearch\debug\headmodel.obj
c:\users\sunjize\documents\git mgithub\ogles2render\ogles2hairresearch\debug\head_difftex.obj
c:\users\sunjize\documents\git mgithub\ogles2render\ogles2hairresearch\debug\ogles2hairresearch.obj
c:\users\sunjize\documents\git mgithub\ogles2render\debug\ogles2hairresearch.ilk
c:\users\sunjize\documents\git mgithub\ogles2render\debug\ogles2hairresearch.exe
c:\users\sunjize\documents\git mgithub\ogles2render\debug\ogles2hairresearch.pdb
c:\users\sunjize\documents\git mgithub\ogles2render\ogles2hairresearch\debug\shared.res
c:\users\sunjize\documents\git mgithub\ogles2render\ogles2hairresearch\debug\ogles2ha.2eaf6129.tlog\cl.command.1.tlog
c:\users\sunjize\documents\git mgithub\ogles2render\ogles2hairresearch\debug\ogles2ha.2eaf6129.tlog\cl.read.1.tlog
c:\users\sunjize\documents\git mgithub\ogles2render\ogles2hairresearch\debug\ogles2ha.2eaf6129.tlog\cl.write.1.tlog
c:\users\sunjize\documents\git mgithub\ogles2render\ogles2hairresearch\debug\ogles2ha.2eaf6129.tlog\link.command.1.tlog
c:\users\sunjize\documents\git mgithub\ogles2render\ogles2hairresearch\debug\ogles2ha.2eaf6129.tlog\link.read.1.tlog
c:\users\sunjize\documents\git mgithub\ogles2render\ogles2hairresearch\debug\ogles2ha.2eaf6129.tlog\link.write.1.tlog
c:\users\sunjize\documents\git mgithub\ogles2render\ogles2hairresearch\debug\ogles2ha.2eaf6129.tlog\rc.command.1.tlog
c:\users\sunjize\documents\git mgithub\ogles2render\ogles2hairresearch\debug\ogles2ha.2eaf6129.tlog\rc.read.1.tlog
c:\users\sunjize\documents\git mgithub\ogles2render\ogles2hairresearch\debug\ogles2ha.2eaf6129.tlog\rc.write.1.tlog
