c:\users\sunjize\documents\git mgithub\ogles2render\ogles2peacewaterrender\debug\vc120.pdb
c:\users\sunjize\documents\git mgithub\ogles2render\ogles2peacewaterrender\debug\vc120.idb
c:\users\sunjize\documents\git mgithub\ogles2render\ogles2peacewaterrender\debug\plane1x1.obj
c:\users\sunjize\documents\git mgithub\ogles2render\ogles2peacewaterrender\debug\skybox1_tex.obj
c:\users\sunjize\documents\git mgithub\ogles2render\ogles2peacewaterrender\debug\skybox2_tex.obj
c:\users\sunjize\documents\git mgithub\ogles2render\ogles2peacewaterrender\debug\skyboxfragshader.obj
c:\users\sunjize\documents\git mgithub\ogles2render\ogles2peacewaterrender\debug\skyboxvertshader.obj
c:\users\sunjize\documents\git mgithub\ogles2render\ogles2peacewaterrender\debug\smallwaves_n_tex.obj
c:\users\sunjize\documents\git mgithub\ogles2render\ogles2peacewaterrender\debug\waterplane100x100.obj
c:\users\sunjize\documents\git mgithub\ogles2render\ogles2peacewaterrender\debug\waterplane10x10.obj
c:\users\sunjize\documents\git mgithub\ogles2render\ogles2peacewaterrender\debug\waterplane110x110.obj
c:\users\sunjize\documents\git mgithub\ogles2render\ogles2peacewaterrender\debug\waterplane120x120.obj
c:\users\sunjize\documents\git mgithub\ogles2render\ogles2peacewaterrender\debug\waterplane130x130.obj
c:\users\sunjize\documents\git mgithub\ogles2render\ogles2peacewaterrender\debug\waterplane150x150.obj
c:\users\sunjize\documents\git mgithub\ogles2render\ogles2peacewaterrender\debug\waterplane180x180.obj
c:\users\sunjize\documents\git mgithub\ogles2render\ogles2peacewaterrender\debug\waterplane20x20.obj
c:\users\sunjize\documents\git mgithub\ogles2render\ogles2peacewaterrender\debug\waterplane225x225.obj
c:\users\sunjize\documents\git mgithub\ogles2render\ogles2peacewaterrender\debug\waterplane300x300.obj
c:\users\sunjize\documents\git mgithub\ogles2render\ogles2peacewaterrender\debug\waterplane50x50.obj
c:\users\sunjize\documents\git mgithub\ogles2render\ogles2peacewaterrender\debug\waterplane5x5.obj
c:\users\sunjize\documents\git mgithub\ogles2render\ogles2peacewaterrender\debug\waterplane75x75.obj
c:\users\sunjize\documents\git mgithub\ogles2render\ogles2peacewaterrender\debug\ogles2peacewaterrender.obj
c:\users\sunjize\documents\git mgithub\ogles2render\ogles2peacewaterrender\debug\mcamera.obj
c:\users\sunjize\documents\git mgithub\ogles2render\ogles2peacewaterrender\debug\mmodel.obj
c:\users\sunjize\documents\git mgithub\ogles2render\ogles2peacewaterrender\debug\mscenemanager.obj
c:\users\sunjize\documents\git mgithub\ogles2render\ogles2peacewaterrender\debug\msuroundbox.obj
c:\users\sunjize\documents\git mgithub\ogles2render\ogles2peacewaterrender\debug\pvrshellapi.obj
c:\users\sunjize\documents\git mgithub\ogles2render\ogles2peacewaterrender\debug\pvrshellos.obj
c:\users\sunjize\documents\git mgithub\ogles2render\ogles2peacewaterrender\debug\pvrshell.obj
c:\users\sunjize\documents\git mgithub\ogles2render\ogles2peacewaterrender\debug\ball.obj
c:\users\sunjize\documents\git mgithub\ogles2render\ogles2peacewaterrender\debug\blinnphongfragshader.obj
c:\users\sunjize\documents\git mgithub\ogles2render\ogles2peacewaterrender\debug\blinnphongvertshader.obj
c:\users\sunjize\documents\git mgithub\ogles2render\ogles2peacewaterrender\debug\cube_test.obj
c:\users\sunjize\documents\git mgithub\ogles2render\ogles2peacewaterrender\debug\defaultfragshader.obj
c:\users\sunjize\documents\git mgithub\ogles2render\ogles2peacewaterrender\debug\defaultvertshader.obj
c:\users\sunjize\documents\git mgithub\ogles2render\ogles2peacewaterrender\content\blinnphongfragshader.cpp
c:\users\sunjize\documents\git mgithub\ogles2render\ogles2peacewaterrender\content\blinnphongvertshader.cpp
c:\users\sunjize\documents\git mgithub\ogles2render\ogles2peacewaterrender\content\defaultfragshader.cpp
c:\users\sunjize\documents\git mgithub\ogles2render\ogles2peacewaterrender\content\defaultvertshader.cpp
c:\users\sunjize\documents\git mgithub\ogles2render\ogles2peacewaterrender\content\skyboxfragshader.cpp
c:\users\sunjize\documents\git mgithub\ogles2render\ogles2peacewaterrender\content\skyboxvertshader.cpp
c:\users\sunjize\documents\git mgithub\ogles2render\debug\ogles2peacewaterrender.ilk
c:\users\sunjize\documents\git mgithub\ogles2render\debug\ogles2peacewaterrender.exe
c:\users\sunjize\documents\git mgithub\ogles2render\debug\ogles2peacewaterrender.pdb
c:\users\sunjize\documents\git mgithub\ogles2render\ogles2peacewaterrender\debug\shared.res
c:\users\sunjize\documents\git mgithub\ogles2render\ogles2peacewaterrender\debug\ogles2pe.2ccad92b.tlog\cl.command.1.tlog
c:\users\sunjize\documents\git mgithub\ogles2render\ogles2peacewaterrender\debug\ogles2pe.2ccad92b.tlog\cl.read.1.tlog
c:\users\sunjize\documents\git mgithub\ogles2render\ogles2peacewaterrender\debug\ogles2pe.2ccad92b.tlog\cl.write.1.tlog
c:\users\sunjize\documents\git mgithub\ogles2render\ogles2peacewaterrender\debug\ogles2pe.2ccad92b.tlog\custombuild.command.1.tlog
c:\users\sunjize\documents\git mgithub\ogles2render\ogles2peacewaterrender\debug\ogles2pe.2ccad92b.tlog\custombuild.read.1.tlog
c:\users\sunjize\documents\git mgithub\ogles2render\ogles2peacewaterrender\debug\ogles2pe.2ccad92b.tlog\custombuild.write.1.tlog
c:\users\sunjize\documents\git mgithub\ogles2render\ogles2peacewaterrender\debug\ogles2pe.2ccad92b.tlog\link.command.1.tlog
c:\users\sunjize\documents\git mgithub\ogles2render\ogles2peacewaterrender\debug\ogles2pe.2ccad92b.tlog\link.read.1.tlog
c:\users\sunjize\documents\git mgithub\ogles2render\ogles2peacewaterrender\debug\ogles2pe.2ccad92b.tlog\link.write.1.tlog
c:\users\sunjize\documents\git mgithub\ogles2render\ogles2peacewaterrender\debug\ogles2pe.2ccad92b.tlog\rc.command.1.tlog
c:\users\sunjize\documents\git mgithub\ogles2render\ogles2peacewaterrender\debug\ogles2pe.2ccad92b.tlog\rc.read.1.tlog
c:\users\sunjize\documents\git mgithub\ogles2render\ogles2peacewaterrender\debug\ogles2pe.2ccad92b.tlog\rc.write.1.tlog
