c:\users\sunjize\documents\git mgithub\ogles2render\ogles2oceanrender\debug\vc120.pdb
c:\users\sunjize\documents\git mgithub\ogles2render\ogles2oceanrender\debug\vc120.idb
c:\users\sunjize\documents\git mgithub\ogles2render\ogles2oceanrender\debug\pvrshellapi.obj
c:\users\sunjize\documents\git mgithub\ogles2render\ogles2oceanrender\debug\pvrshellos.obj
c:\users\sunjize\documents\git mgithub\ogles2render\ogles2oceanrender\debug\pvrshell.obj
c:\users\sunjize\documents\git mgithub\ogles2render\ogles2oceanrender\debug\ball.obj
c:\users\sunjize\documents\git mgithub\ogles2render\ogles2oceanrender\debug\blinnphongfragshader.obj
c:\users\sunjize\documents\git mgithub\ogles2render\ogles2oceanrender\debug\blinnphongvertshader.obj
c:\users\sunjize\documents\git mgithub\ogles2render\ogles2oceanrender\debug\cube_test.obj
c:\users\sunjize\documents\git mgithub\ogles2render\ogles2oceanrender\debug\defaultfragshader.obj
c:\users\sunjize\documents\git mgithub\ogles2render\ogles2oceanrender\debug\defaultvertshader.obj
c:\users\sunjize\documents\git mgithub\ogles2render\ogles2oceanrender\debug\largewaves_h_tex.obj
c:\users\sunjize\documents\git mgithub\ogles2render\ogles2oceanrender\debug\largewaves_n_tex.obj
c:\users\sunjize\documents\git mgithub\ogles2render\ogles2oceanrender\debug\seafoam1_tex.obj
c:\users\sunjize\documents\git mgithub\ogles2render\ogles2oceanrender\debug\skybox1_tex.obj
c:\users\sunjize\documents\git mgithub\ogles2render\ogles2oceanrender\debug\skybox2_tex.obj
c:\users\sunjize\documents\git mgithub\ogles2render\ogles2oceanrender\debug\skyboxfragshader.obj
c:\users\sunjize\documents\git mgithub\ogles2render\ogles2oceanrender\debug\skyboxvertshader.obj
c:\users\sunjize\documents\git mgithub\ogles2render\ogles2oceanrender\debug\smallwaves_n_tex.obj
c:\users\sunjize\documents\git mgithub\ogles2render\ogles2oceanrender\debug\waterplane.obj
c:\users\sunjize\documents\git mgithub\ogles2render\ogles2oceanrender\debug\ogles2oceanrender.obj
c:\users\sunjize\documents\git mgithub\ogles2render\ogles2oceanrender\content\blinnphongfragshader.cpp
c:\users\sunjize\documents\git mgithub\ogles2render\ogles2oceanrender\content\blinnphongvertshader.cpp
c:\users\sunjize\documents\git mgithub\ogles2render\ogles2oceanrender\content\defaultfragshader.cpp
c:\users\sunjize\documents\git mgithub\ogles2render\ogles2oceanrender\content\defaultvertshader.cpp
c:\users\sunjize\documents\git mgithub\ogles2render\ogles2oceanrender\content\skyboxfragshader.cpp
c:\users\sunjize\documents\git mgithub\ogles2render\ogles2oceanrender\content\skyboxvertshader.cpp
c:\users\sunjize\documents\git mgithub\ogles2render\debug\ogles2oceanrender.ilk
c:\users\sunjize\documents\git mgithub\ogles2render\debug\ogles2oceanrender.exe
c:\users\sunjize\documents\git mgithub\ogles2render\debug\ogles2oceanrender.pdb
c:\users\sunjize\documents\git mgithub\ogles2render\ogles2oceanrender\debug\shared.res
c:\users\sunjize\documents\git mgithub\ogles2render\ogles2oceanrender\debug\ogles2oc.768472c0.tlog\cl.command.1.tlog
c:\users\sunjize\documents\git mgithub\ogles2render\ogles2oceanrender\debug\ogles2oc.768472c0.tlog\cl.read.1.tlog
c:\users\sunjize\documents\git mgithub\ogles2render\ogles2oceanrender\debug\ogles2oc.768472c0.tlog\cl.write.1.tlog
c:\users\sunjize\documents\git mgithub\ogles2render\ogles2oceanrender\debug\ogles2oc.768472c0.tlog\custombuild.command.1.tlog
c:\users\sunjize\documents\git mgithub\ogles2render\ogles2oceanrender\debug\ogles2oc.768472c0.tlog\custombuild.read.1.tlog
c:\users\sunjize\documents\git mgithub\ogles2render\ogles2oceanrender\debug\ogles2oc.768472c0.tlog\custombuild.write.1.tlog
c:\users\sunjize\documents\git mgithub\ogles2render\ogles2oceanrender\debug\ogles2oc.768472c0.tlog\link.command.1.tlog
c:\users\sunjize\documents\git mgithub\ogles2render\ogles2oceanrender\debug\ogles2oc.768472c0.tlog\link.read.1.tlog
c:\users\sunjize\documents\git mgithub\ogles2render\ogles2oceanrender\debug\ogles2oc.768472c0.tlog\link.write.1.tlog
c:\users\sunjize\documents\git mgithub\ogles2render\ogles2oceanrender\debug\ogles2oc.768472c0.tlog\rc.command.1.tlog
c:\users\sunjize\documents\git mgithub\ogles2render\ogles2oceanrender\debug\ogles2oc.768472c0.tlog\rc.read.1.tlog
c:\users\sunjize\documents\git mgithub\ogles2render\ogles2oceanrender\debug\ogles2oc.768472c0.tlog\rc.write.1.tlog
